<?xml version="1.0" encoding="UTF-8"?>
<!-- Generated by org.testng.reporters.JUnitXMLReporter -->
<testsuite ignored="0" hostname="DESKTOP-OJSF9Q6" failures="1" tests="1" name="chromeTest" time="66.836" errors="0" timestamp="2020-12-17T03:28:47 IST">
  <testcase classname="para.p4" name="setup" time="66.634">
    <failure type="org.openqa.selenium.WebDriverException" message="unknown error: DevToolsActivePort file doesn&amp;apos;t exist
Build info: version: &amp;apos;3.141.59&amp;apos;, revision: &amp;apos;e82be7d358&amp;apos;, time: &amp;apos;2018-11-14T08:25:53&amp;apos;
System info: host: &amp;apos;DESKTOP-OJSF9Q6&amp;apos;, ip: &amp;apos;192.168.43.31&amp;apos;, os.name: &amp;apos;Windows 10&amp;apos;, os.arch: &amp;apos;amd64&amp;apos;, os.version: &amp;apos;10.0&amp;apos;, java.version: &amp;apos;14.0.2&amp;apos;
Driver info: driver.version: ChromeDriver
remote stacktrace: Backtrace:
	Ordinal0 [0x0058C013+3194899]
	Ordinal0 [0x00476021+2056225]
	Ordinal0 [0x0030F608+587272]
	Ordinal0 [0x00291051+69713]
	Ordinal0 [0x0028E054+57428]
	Ordinal0 [0x0028C64A+50762]
	Ordinal0 [0x002B1EE9+204521]
	Ordinal0 [0x002B1D0D+204045]
	Ordinal0 [0x002AFC1B+195611]
	Ordinal0 [0x00293B7F+80767]
	Ordinal0 [0x00294B4E+84814]
	Ordinal0 [0x00294AD9+84697]
	Ordinal0 [0x0048CE64+2149988]
	GetHandleVerifier [0x006FBE95+1400773]
	GetHandleVerifier [0x006FBB61+1399953]
	GetHandleVerifier [0x007031FA+1430314]
	GetHandleVerifier [0x006FC69F+1402831]
	Ordinal0 [0x00483D61+2112865]
	Ordinal0 [0x0048E5CB+2155979]
	Ordinal0 [0x0048E6F5+2156277]
	Ordinal0 [0x0049F26E+2224750]
	BaseThreadInitThunk [0x75D56359+25]
	RtlGetAppContainerNamedObjectPath [0x778A8944+228]
	RtlGetAppContainerNamedObjectPath [0x778A8914+180]
">
      <![CDATA[org.openqa.selenium.WebDriverException: unknown error: DevToolsActivePort file doesn't exist
Build info: version: '3.141.59', revision: 'e82be7d358', time: '2018-11-14T08:25:53'
System info: host: 'DESKTOP-OJSF9Q6', ip: '192.168.43.31', os.name: 'Windows 10', os.arch: 'amd64', os.version: '10.0', java.version: '14.0.2'
Driver info: driver.version: ChromeDriver
remote stacktrace: Backtrace:
Ordinal0 [0x0058C013+3194899]
Ordinal0 [0x00476021+2056225]
Ordinal0 [0x0030F608+587272]
Ordinal0 [0x00291051+69713]
Ordinal0 [0x0028E054+57428]
Ordinal0 [0x0028C64A+50762]
Ordinal0 [0x002B1EE9+204521]
Ordinal0 [0x002B1D0D+204045]
Ordinal0 [0x002AFC1B+195611]
Ordinal0 [0x00293B7F+80767]
Ordinal0 [0x00294B4E+84814]
Ordinal0 [0x00294AD9+84697]
Ordinal0 [0x0048CE64+2149988]
GetHandleVerifier [0x006FBE95+1400773]
GetHandleVerifier [0x006FBB61+1399953]
GetHandleVerifier [0x007031FA+1430314]
GetHandleVerifier [0x006FC69F+1402831]
Ordinal0 [0x00483D61+2112865]
Ordinal0 [0x0048E5CB+2155979]
Ordinal0 [0x0048E6F5+2156277]
Ordinal0 [0x0049F26E+2224750]
BaseThreadInitThunk [0x75D56359+25]
RtlGetAppContainerNamedObjectPath [0x778A8944+228]
RtlGetAppContainerNamedObjectPath [0x778A8914+180]

at org.openqa.selenium.remote.W3CHandshakeResponse.lambda$errorHandler$0(W3CHandshakeResponse.java:62)
at org.openqa.selenium.remote.HandshakeResponse.lambda$getResponseFunction$0(HandshakeResponse.java:30)
at org.openqa.selenium.remote.ProtocolHandshake.lambda$createSession$0(ProtocolHandshake.java:126)
at java.base/java.util.stream.ReferencePipeline$3$1.accept(ReferencePipeline.java:195)
at java.base/java.util.Spliterators$ArraySpliterator.tryAdvance(Spliterators.java:958)
at java.base/java.util.stream.ReferencePipeline.forEachWithCancel(ReferencePipeline.java:127)
at java.base/java.util.stream.AbstractPipeline.copyIntoWithCancel(AbstractPipeline.java:502)
at java.base/java.util.stream.AbstractPipeline.copyInto(AbstractPipeline.java:488)
at java.base/java.util.stream.AbstractPipeline.wrapAndCopyInto(AbstractPipeline.java:474)
at java.base/java.util.stream.FindOps$FindOp.evaluateSequential(FindOps.java:150)
at java.base/java.util.stream.AbstractPipeline.evaluate(AbstractPipeline.java:234)
at java.base/java.util.stream.ReferencePipeline.findFirst(ReferencePipeline.java:543)
at org.openqa.selenium.remote.ProtocolHandshake.createSession(ProtocolHandshake.java:128)
at org.openqa.selenium.remote.ProtocolHandshake.createSession(ProtocolHandshake.java:74)
at org.openqa.selenium.remote.HttpCommandExecutor.execute(HttpCommandExecutor.java:136)
at org.openqa.selenium.remote.service.DriverCommandExecutor.execute(DriverCommandExecutor.java:83)
at org.openqa.selenium.remote.RemoteWebDriver.execute(RemoteWebDriver.java:552)
at org.openqa.selenium.remote.RemoteWebDriver.startSession(RemoteWebDriver.java:213)
at org.openqa.selenium.remote.RemoteWebDriver.<init>(RemoteWebDriver.java:131)
at org.openqa.selenium.chrome.ChromeDriver.<init>(ChromeDriver.java:181)
at org.openqa.selenium.chrome.ChromeDriver.<init>(ChromeDriver.java:168)
at org.openqa.selenium.chrome.ChromeDriver.<init>(ChromeDriver.java:123)
at para.p4.setup(p4.java:20)
at java.base/java.util.ArrayList.forEach(ArrayList.java:1511)
at java.base/java.util.concurrent.FutureTask.run(FutureTask.java:264)
at java.base/java.util.concurrent.ThreadPoolExecutor.runWorker(ThreadPoolExecutor.java:1130)
at java.base/java.util.concurrent.ThreadPoolExecutor$Worker.run(ThreadPoolExecutor.java:630)
at java.base/java.lang.Thread.run(Thread.java:832)
... Removed 23 stack frames]]>
    </failure>
  </testcase> <!-- setup -->
</testsuite> <!-- chromeTest -->
